<?xml version="1.0" encoding="UTF-8"?>
<!-- Generated by org.testng.reporters.JUnitReportReporter -->
<testsuite hostname="LAPTOP-5UMCJ8OV" failures="0" tests="1" name="TestCase001_Poke_GET_REQUEST" time="3.645" errors="0" timestamp="2021-03-27T22:50:32 ICT" skipped="0">
  <testcase classname="TestCase001_Poke_GET_REQUEST" name="getDataPikachu" time="3.645"/>
  <system-out/>
</testsuite> <!-- TestCase001_Poke_GET_REQUEST -->
